#
# A fatal error has been detected by the Java Runtime Environment:
#
#  SIGSEGV (0xb) at pc=0x00007fffaaf42b5d, pid=1160, tid=0x0000000000000307
#
# JRE version: Java(TM) SE Runtime Environment (8.0_111-b14) (build 1.8.0_111-b14)
# Java VM: Java HotSpot(TM) 64-Bit Server VM (25.111-b14 mixed mode bsd-amd64 compressed oops)
# Problematic frame:
# C  [libobjc.A.dylib+0x6b5d]  objc_msgSend+0x1d
#
# Failed to write core dump. Core dumps have been disabled. To enable core dumping, try "ulimit -c unlimited" before starting Java again
#
# If you would like to submit a bug report, please visit:
#   http://bugreport.java.com/bugreport/crash.jsp
# The crash happened outside the Java Virtual Machine in native code.
# See problematic frame for where to report the bug.
#

---------------  T H R E A D  ---------------

Current thread (0x00007f83c5856800):  JavaThread "AppKit Thread" daemon [_thread_in_native, id=775, stack(0x00007fff505e4000,0x00007fff50de4000)]

siginfo: si_signo: 11 (SIGSEGV), si_code: 1 (SEGV_MAPERR), si_addr: 0x000007f83c4fbef0

Registers:
RAX=0x00007f83c4f35e50, RBX=0x00007f83c4c7ac10, RCX=0x00007f83c4fbd660, RDX=0x00007f83c4f35e50
RSP=0x00007fff50ddf018, RBP=0x00007fff50ddf020, RSI=0x00007fff94a980f0, RDI=0x00007f83c4fbd660
R8 =0x000000000000003f, R9 =0x00007f83c4c70500, R10=0x000007f83c4fbed8, R11=0x00007fff94a980f0
R12=0x0000000000000000, R13=0x00007f83c4c70500, R14=0x00007f83c4f35e50, R15=0x0000000000000000
RIP=0x00007fffaaf42b5d, EFLAGS=0x0000000000010206, ERR=0x0000000000000004
  TRAPNO=0x000000000000000e

Top of Stack: (sp=0x00007fff50ddf018)
0x00007fff50ddf018:   00007fff962fba6c 00007fff50ddf090
0x00007fff50ddf028:   00007fff962fb96b 0000000000000000
0x00007fff50ddf038:   00007fffb465b060 00000000c2000000
0x00007fff50ddf048:   00007fff962fb9c0 00007fffb0fa3680
0x00007fff50ddf058:   00007f83c4c70500 00007f83c4f35e50
0x00007fff50ddf068:   00007fff50ddf858 00007fffaaf42b40
0x00007fff50ddf078:   00007fff50ddf160 00007f83c4c70500
0x00007fff50ddf088:   00007fff94a2f962 00007fff50ddf0d0
0x00007fff50ddf098:   00007fff962fb6d2 00007fff50ddf6a0
0x00007fff50ddf0a8:   0000000000000001 00007fffaaf42b40
0x00007fff50ddf0b8:   00007fff50ddf160 00007fff50ddf858
0x00007fff50ddf0c8:   00007fff94a2f962 00007fff50ddf7f0
0x00007fff50ddf0d8:   00007fff962b8d63 00007f83c4e00000
0x00007fff50ddf0e8:   0000000000000001 000000010ee3c400
0x00007fff50ddf0f8:   0000000000000004 00007f83c4f12b60
0x00007fff50ddf108:   00007fffb0fa4cb0 0000000000000000
0x00007fff50ddf118:   00007f83c58510d0 00007f83c4f12b01
0x00007fff50ddf128:   00007f83c4d86170 00007fffb10d70c0
0x00007fff50ddf138:   0000000000000000 0000000000000000
0x00007fff50ddf148:   0000000000000000 00007f83c4c52f20
0x00007fff50ddf158:   00007fffb0fe38e0 00007fff50ddf6a0
0x00007fff50ddf168:   0000000000000002 0000000000000100
0x00007fff50ddf178:   00007fffb45cb400 00007fff50ddf5a0
0x00007fff50ddf188:   0000000000000000 0000000000000100
0x00007fff50ddf198:   00007f83c4e58400 00007fff50ddf1d0
0x00007fff50ddf1a8:   00007fff962fc31c ffff807c3b1a7b70
0x00007fff50ddf1b8:   00007f83c4e58490 00007fffb10d4620
0x00007fff50ddf1c8:   00007f83c4e58490 00007fff50ddf200
0x00007fff50ddf1d8:   00007fff962fc368 ffff807c3b1a7b70
0x00007fff50ddf1e8:   00007f83c4e58490 00007fffb10d48a0
0x00007fff50ddf1f8:   00007f83c4e58490 00007fff50ddf230
0x00007fff50ddf208:   00007fff962fc44b 0000000000000f80 

Instructions: (pc=0x00007fffaaf42b5d)
0x00007fffaaf42b3d:   0f 1f 00 48 85 ff 2e 74 62 40 f6 c7 01 2e 75 66
0x00007fffaaf42b4d:   49 ba f8 ff ff ff ff 7f 00 00 4c 23 17 49 89 f3
0x00007fffaaf42b5d:   45 23 5a 18 49 c1 e3 04 4d 03 5a 10 49 3b 33 75
0x00007fffaaf42b6d:   04 41 ff 63 08 49 83 3b 01 76 0d 49 83 c3 10 49 

Register to memory mapping:

RAX=0x00007f83c4f35e50 is an unknown value
RBX=0x00007f83c4c7ac10 is an unknown value
RCX=0x00007f83c4fbd660 is an unknown value
RDX=0x00007f83c4f35e50 is an unknown value
RSP=0x00007fff50ddf018 is pointing into the stack for thread: 0x00007f83c5856800
RBP=0x00007fff50ddf020 is pointing into the stack for thread: 0x00007f83c5856800
RSI=0x00007fff94a980f0: __NSStyleNameIndexTable+0xdfaa9 in /System/Library/Frameworks/AppKit.framework/Versions/C/AppKit at 0x00007fff93dd1000
RDI=0x00007f83c4fbd660 is an unknown value
R8 =0x000000000000003f is an unknown value
R9 =0x00007f83c4c70500 is an unknown value
R10=0x000007f83c4fbed8 is an unknown value
R11=0x00007fff94a980f0: __NSStyleNameIndexTable+0xdfaa9 in /System/Library/Frameworks/AppKit.framework/Versions/C/AppKit at 0x00007fff93dd1000
R12=0x0000000000000000 is an unknown value
R13=0x00007f83c4c70500 is an unknown value
R14=0x00007f83c4f35e50 is an unknown value
R15=0x0000000000000000 is an unknown value


Stack: [0x00007fff505e4000,0x00007fff50de4000],  sp=0x00007fff50ddf018,  free space=8172k
Native frames: (J=compiled Java code, j=interpreted, Vv=VM code, C=native code)
C  [libobjc.A.dylib+0x6b5d]  objc_msgSend+0x1d
C  [CoreFoundation+0x9d96b]  _CFXRegistrationPost+0x1ab
C  [CoreFoundation+0x9d6d2]  ___CFXNotificationPost_block_invoke+0x32
C  [CoreFoundation+0x5ad63]  -[_CFXNotificationRegistrar find:object:observer:enumerator:]+0x723
C  [CoreFoundation+0x59d9c]  _CFXNotificationPost+0x25c
C  [Foundation+0x6a37]  -[NSNotificationCenter postNotificationName:object:userInfo:]+0x42
C  [AppKit+0x24eb0a]  -[NSSurface _disposeSurface]+0x98
C  [AppKit+0x24e6b9]  -[NSSurface setWindow:]+0x35
C  [AppKit+0x289f0]  -[NSView _setWindow:]+0xa0f
C  [AppKit+0x2b61b]  -[NSView removeFromSuperview]+0x1d1
C  [AppKit+0x14cdf4]  -[NSView removeFromSuperviewWithoutNeedingDisplay]+0x26
C  [liblwjgl.jnilib+0x9c3e]  +[MacOSXKeyableWindow destroyWindow]+0xde
C  [Foundation+0x7188a]  __NSThreadPerformPerform+0x146
C  [CoreFoundation+0xa7981]  __CFRUNLOOP_IS_CALLING_OUT_TO_A_SOURCE0_PERFORM_FUNCTION__+0x11
C  [CoreFoundation+0x88a7d]  __CFRunLoopDoSources0+0x22d
C  [CoreFoundation+0x87f76]  __CFRunLoopRun+0x3a6
C  [CoreFoundation+0x87974]  CFRunLoopRunSpecific+0x1a4
C  [HIToolbox+0x30acc]  RunCurrentEventLoopInMode+0xf0
C  [HIToolbox+0x30901]  ReceiveNextEventCommon+0x1b0
C  [HIToolbox+0x30736]  _BlockUntilNextEventMatchingListInModeWithFilter+0x47
C  [AppKit+0x46ae4]  _DPSNextEvent+0x460
C  [AppKit+0x7c121f]  -[NSApplication(NSEvent) _nextEventMatchingEventMask:untilDate:inMode:dequeue:]+0xae5
C  [libosxapp.dylib+0x23aa]  -[NSApplicationAWT nextEventMatchingMask:untilDate:inMode:dequeue:]+0x7c
C  [AppKit+0x3b465]  -[NSApplication run]+0x39e
C  [libosxapp.dylib+0x214d]  +[NSApplicationAWT runAWTLoopWithApp:]+0x9c
C  [libawt_lwawt.dylib+0x444b3]  -[AWTStarter starter:]+0x389
C  [Foundation+0x7188a]  __NSThreadPerformPerform+0x146
C  [CoreFoundation+0xa7981]  __CFRUNLOOP_IS_CALLING_OUT_TO_A_SOURCE0_PERFORM_FUNCTION__+0x11
C  [CoreFoundation+0x88a7d]  __CFRunLoopDoSources0+0x22d
C  [CoreFoundation+0x87f76]  __CFRunLoopRun+0x3a6
C  [CoreFoundation+0x87974]  CFRunLoopRunSpecific+0x1a4
C  [java+0x6465]  CreateExecutionEnvironment+0x367
C  [java+0x218c]  JLI_Launch+0x7a0
C  [java+0x84c2]  main+0x65
C  [java+0x19e4]  start+0x34
C  0x0000000000000006


---------------  P R O C E S S  ---------------

Java Threads: ( => current thread )
  0x00007f83c6887000 JavaThread "AWT-Shutdown" [_thread_blocked, id=4399, stack(0x000070000d10e000,0x000070000d20e000)]
  0x00007f83c5105000 JavaThread "Java2D Disposer" daemon [_thread_blocked, id=57615, stack(0x000070000d49d000,0x000070000d59d000)]
  0x00007f83c69eb800 JavaThread "Java2D Queue Flusher" daemon [_thread_blocked, id=55559, stack(0x000070000d39a000,0x000070000d49a000)]
=>0x00007f83c5856800 JavaThread "AppKit Thread" daemon [_thread_in_native, id=775, stack(0x00007fff505e4000,0x00007fff50de4000)]
  0x00007f83c5821800 JavaThread "Service Thread" daemon [_thread_blocked, id=18435, stack(0x000070000cf08000,0x000070000d008000)]
  0x00007f83c5820800 JavaThread "C1 CompilerThread2" daemon [_thread_blocked, id=17923, stack(0x000070000ce05000,0x000070000cf05000)]
  0x00007f83c502c800 JavaThread "C2 CompilerThread1" daemon [_thread_blocked, id=17411, stack(0x000070000cd02000,0x000070000ce02000)]
  0x00007f83c582d800 JavaThread "C2 CompilerThread0" daemon [_thread_blocked, id=16899, stack(0x000070000cbff000,0x000070000ccff000)]
  0x00007f83c5020000 JavaThread "Signal Dispatcher" daemon [_thread_blocked, id=16387, stack(0x000070000cafc000,0x000070000cbfc000)]
  0x00007f83c6834800 JavaThread "Finalizer" daemon [_thread_blocked, id=12291, stack(0x000070000c976000,0x000070000ca76000)]
  0x00007f83c5812800 JavaThread "Reference Handler" daemon [_thread_blocked, id=11779, stack(0x000070000c873000,0x000070000c973000)]
  0x00007f83c5801800 JavaThread "main" [_thread_in_native, id=6915, stack(0x000070000c261000,0x000070000c361000)]

Other Threads:
  0x00007f83c6019000 VMThread [stack: 0x000070000c770000,0x000070000c870000] [id=11267]
  0x00007f83c6024000 WatcherThread [stack: 0x000070000d00b000,0x000070000d10b000] [id=18947]

VM state:not at safepoint (normal execution)

VM Mutex/Monitor currently owned by a thread: None

Heap:
 PSYoungGen      total 38400K, used 24997K [0x0000000795580000, 0x000000079a080000, 0x00000007c0000000)
  eden space 33280K, 59% used [0x0000000795580000,0x00000007968ec980,0x0000000797600000)
  from space 5120K, 99% used [0x0000000797b00000,0x0000000797ffcbc0,0x0000000798000000)
  to   space 5120K, 0% used [0x0000000797600000,0x0000000797600000,0x0000000797b00000)
 ParOldGen       total 87552K, used 1192K [0x0000000740000000, 0x0000000745580000, 0x0000000795580000)
  object space 87552K, 1% used [0x0000000740000000,0x000000074012a000,0x0000000745580000)
 Metaspace       used 11782K, capacity 11943K, committed 12288K, reserved 1060864K
  class space    used 1319K, capacity 1413K, committed 1536K, reserved 1048576K

Card table byte_map: [0x0000000110b61000,0x0000000110f62000] byte_map_base: 0x000000010d161000

Marking Bits: (ParMarkBitMap*) 0x00000001100efd20
 Begin Bits: [0x000000011120d000, 0x000000011320d000)
 End Bits:   [0x000000011320d000, 0x000000011520d000)

Polling page: 0x000000010eedc000

CodeCache: size=245760Kb used=3890Kb max_used=3901Kb free=241869Kb
 bounds [0x0000000118edd000, 0x00000001192bd000, 0x0000000127edd000]
 total_blobs=1532 nmethods=952 adapters=494
 compilation: enabled

Compilation events (10 events):
Event: 33.225 Thread 0x00007f83c5820800  948       3       java.nio.HeapByteBuffer::putLong (21 bytes)
Event: 33.225 Thread 0x00007f83c5820800 nmethod 948 0x00000001192a5090 code [0x00000001192a5220, 0x00000001192a55e8]
Event: 33.225 Thread 0x00007f83c5820800  949       3       java.nio.Bits::putLong (21 bytes)
Event: 33.225 Thread 0x00007f83c5820800 nmethod 949 0x00000001192a4c50 code [0x00000001192a4dc0, 0x00000001192a4fb8]
Event: 33.225 Thread 0x00007f83c5820800  950       3       java.nio.Bits::long1 (7 bytes)
Event: 33.225 Thread 0x00007f83c5820800 nmethod 950 0x00000001192a3d10 code [0x00000001192a3e60, 0x00000001192a3fb0]
Event: 34.268 Thread 0x00007f83c5820800  951   !   3       java.util.zip.ZipFile$ZipFileInputStream::close (110 bytes)
Event: 34.269 Thread 0x00007f83c582d800  952       4       java.nio.DirectByteBuffer::put (18 bytes)
Event: 34.269 Thread 0x00007f83c5820800 nmethod 951 0x00000001192aced0 code [0x00000001192ad080, 0x00000001192ad8b8]
Event: 34.270 Thread 0x00007f83c582d800 nmethod 952 0x00000001192a39d0 code [0x00000001192a3b20, 0x00000001192a3bd8]

GC Heap History (4 events):
Event: 2.135 GC heap before
{Heap before GC invocations=1 (full 0):
 PSYoungGen      total 38400K, used 33280K [0x0000000795580000, 0x0000000798000000, 0x00000007c0000000)
  eden space 33280K, 100% used [0x0000000795580000,0x0000000797600000,0x0000000797600000)
  from space 5120K, 0% used [0x0000000797b00000,0x0000000797b00000,0x0000000798000000)
  to   space 5120K, 0% used [0x0000000797600000,0x0000000797600000,0x0000000797b00000)
 ParOldGen       total 87552K, used 0K [0x0000000740000000, 0x0000000745580000, 0x0000000795580000)
  object space 87552K, 0% used [0x0000000740000000,0x0000000740000000,0x0000000745580000)
 Metaspace       used 9860K, capacity 10055K, committed 10240K, reserved 1058816K
  class space    used 1119K, capacity 1189K, committed 1280K, reserved 1048576K
Event: 2.142 GC heap after
Heap after GC invocations=1 (full 0):
 PSYoungGen      total 38400K, used 3120K [0x0000000795580000, 0x0000000798000000, 0x00000007c0000000)
  eden space 33280K, 0% used [0x0000000795580000,0x0000000795580000,0x0000000797600000)
  from space 5120K, 60% used [0x0000000797600000,0x000000079790c308,0x0000000797b00000)
  to   space 5120K, 0% used [0x0000000797b00000,0x0000000797b00000,0x0000000798000000)
 ParOldGen       total 87552K, used 16K [0x0000000740000000, 0x0000000745580000, 0x0000000795580000)
  object space 87552K, 0% used [0x0000000740000000,0x0000000740004000,0x0000000745580000)
 Metaspace       used 9860K, capacity 10055K, committed 10240K, reserved 1058816K
  class space    used 1119K, capacity 1189K, committed 1280K, reserved 1048576K
}
Event: 2.234 GC heap before
{Heap before GC invocations=2 (full 0):
 PSYoungGen      total 38400K, used 36400K [0x0000000795580000, 0x0000000798000000, 0x00000007c0000000)
  eden space 33280K, 100% used [0x0000000795580000,0x0000000797600000,0x0000000797600000)
  from space 5120K, 60% used [0x0000000797600000,0x000000079790c308,0x0000000797b00000)
  to   space 5120K, 0% used [0x0000000797b00000,0x0000000797b00000,0x0000000798000000)
 ParOldGen       total 87552K, used 16K [0x0000000740000000, 0x0000000745580000, 0x0000000795580000)
  object space 87552K, 0% used [0x0000000740000000,0x0000000740004000,0x0000000745580000)
 Metaspace       used 9901K, capacity 10055K, committed 10240K, reserved 1058816K
  class space    used 1120K, capacity 1189K, committed 1280K, reserved 1048576K
Event: 2.245 GC heap after
Heap after GC invocations=2 (full 0):
 PSYoungGen      total 38400K, used 5106K [0x0000000795580000, 0x000000079a080000, 0x00000007c0000000)
  eden space 33280K, 0% used [0x0000000795580000,0x0000000795580000,0x0000000797600000)
  from space 5120K, 99% used [0x0000000797b00000,0x0000000797ffcbc0,0x0000000798000000)
  to   space 5120K, 0% used [0x0000000797600000,0x0000000797600000,0x0000000797b00000)
 ParOldGen       total 87552K, used 1192K [0x0000000740000000, 0x0000000745580000, 0x0000000795580000)
  object space 87552K, 1% used [0x0000000740000000,0x000000074012a000,0x0000000745580000)
 Metaspace       used 9901K, capacity 10055K, committed 10240K, reserved 1058816K
  class space    used 1120K, capacity 1189K, committed 1280K, reserved 1048576K
}

Deoptimization events (8 events):
Event: 2.021 Thread 0x00007f83c5801800 Uncommon trap: reason=unstable_if action=reinterpret pc=0x0000000119131070 method=sun.misc.FloatingDecimal$ASCIIToBinaryBuffer.floatValue()F @ 190
Event: 2.030 Thread 0x00007f83c5801800 Uncommon trap: reason=predicate action=maybe_recompile pc=0x0000000119131ac4 method=java.util.AbstractCollection.toArray([Ljava/lang/Object;)[Ljava/lang/Object; @ 49
Event: 2.051 Thread 0x00007f83c5801800 Uncommon trap: reason=array_check action=maybe_recompile pc=0x000000011914232c method=java.util.AbstractCollection.toArray([Ljava/lang/Object;)[Ljava/lang/Object; @ 119
Event: 2.051 Thread 0x00007f83c5801800 Uncommon trap: reason=array_check action=maybe_recompile pc=0x000000011914232c method=java.util.AbstractCollection.toArray([Ljava/lang/Object;)[Ljava/lang/Object; @ 119
Event: 2.051 Thread 0x00007f83c5801800 Uncommon trap: reason=array_check action=maybe_recompile pc=0x000000011914232c method=java.util.AbstractCollection.toArray([Ljava/lang/Object;)[Ljava/lang/Object; @ 119
Event: 2.052 Thread 0x00007f83c5801800 Uncommon trap: reason=array_check action=maybe_recompile pc=0x000000011914232c method=java.util.AbstractCollection.toArray([Ljava/lang/Object;)[Ljava/lang/Object; @ 119
Event: 2.366 Thread 0x00007f83c5801800 Uncommon trap: reason=unstable_if action=reinterpret pc=0x00000001190c4508 method=java.lang.String.indexOf([CII[CIII)I @ 3
Event: 2.366 Thread 0x00007f83c5801800 Uncommon trap: reason=unstable_if action=reinterpret pc=0x0000000119143078 method=java.util.Arrays.copyOf([Ljava/lang/Object;ILjava/lang/Class;)[Ljava/lang/Object; @ 3

Internal exceptions (10 events):
Event: 0.152 Thread 0x00007f83c5801800 Exception <a 'java/security/PrivilegedActionException'> (0x00000007956e0f50) thrown at [/Users/java_re/workspace/8-2-build-macosx-x86_64/jdk8u111/7883/hotspot/src/share/vm/prims/jvm.cpp, line 1386]
Event: 0.214 Thread 0x00007f83c5801800 Exception <a 'java/security/PrivilegedActionException'> (0x000000079572e0f0) thrown at [/Users/java_re/workspace/8-2-build-macosx-x86_64/jdk8u111/7883/hotspot/src/share/vm/prims/jvm.cpp, line 1386]
Event: 0.214 Thread 0x00007f83c5801800 Exception <a 'java/security/PrivilegedActionException'> (0x000000079572e300) thrown at [/Users/java_re/workspace/8-2-build-macosx-x86_64/jdk8u111/7883/hotspot/src/share/vm/prims/jvm.cpp, line 1386]
Event: 0.215 Thread 0x00007f83c5801800 Exception <a 'java/security/PrivilegedActionException'> (0x0000000795731608) thrown at [/Users/java_re/workspace/8-2-build-macosx-x86_64/jdk8u111/7883/hotspot/src/share/vm/prims/jvm.cpp, line 1386]
Event: 0.215 Thread 0x00007f83c5801800 Exception <a 'java/security/PrivilegedActionException'> (0x0000000795731818) thrown at [/Users/java_re/workspace/8-2-build-macosx-x86_64/jdk8u111/7883/hotspot/src/share/vm/prims/jvm.cpp, line 1386]
Event: 0.338 Thread 0x00007f83c5801800 Exception <a 'java/lang/NoSuchFieldError': method resolution failed> (0x00000007957ffb98) thrown at [/Users/java_re/workspace/8-2-build-macosx-x86_64/jdk8u111/7883/hotspot/src/share/vm/prims/methodHandles.cpp, line 1146]
Event: 0.356 Thread 0x00007f83c5801800 Exception <a 'java/lang/NoSuchFieldError': method resolution failed> (0x000000079580d368) thrown at [/Users/java_re/workspace/8-2-build-macosx-x86_64/jdk8u111/7883/hotspot/src/share/vm/prims/methodHandles.cpp, line 1146]
Event: 0.748 Thread 0x00007f83c5801800 Exception <a 'java/io/FileNotFoundException'> (0x0000000795887d18) thrown at [/Users/java_re/workspace/8-2-build-macosx-x86_64/jdk8u111/7883/hotspot/src/share/vm/prims/jni.cpp, line 709]
Event: 0.748 Thread 0x00007f83c5801800 Exception <a 'java/io/FileNotFoundException'> (0x00000007958888a0) thrown at [/Users/java_re/workspace/8-2-build-macosx-x86_64/jdk8u111/7883/hotspot/src/share/vm/prims/jni.cpp, line 709]
Event: 1.675 Thread 0x00007f83c5801800 Exception <a 'java/lang/UnsatisfiedLinkError'> (0x0000000795bc86d0) thrown at [/Users/java_re/workspace/8-2-build-macosx-x86_64/jdk8u111/7883/hotspot/src/share/vm/prims/jvm.cpp, line 1390]

Events (10 events):
Event: 4.151 Executing VM operation: EnableBiasedLocking
Event: 4.152 Executing VM operation: EnableBiasedLocking done
Event: 19.617 Thread 0x00007f83c6237800 Thread exited: 0x00007f83c6237800
Event: 21.051 Thread 0x00007f83c6887000 Thread added: 0x00007f83c6887000
Event: 26.067 Executing VM operation: RevokeBias
Event: 26.067 Executing VM operation: RevokeBias done
Event: 26.067 Thread 0x00007f83c6887000 Thread exited: 0x00007f83c6887000
Event: 26.510 Thread 0x00007f83c6887000 Thread added: 0x00007f83c6887000
Event: 34.267 loading class org/lwjgl/opengl/CallbackUtil
Event: 34.267 loading class org/lwjgl/opengl/CallbackUtil done


Dynamic libraries:
0x0000000020f35000 	/System/Library/Frameworks/Cocoa.framework/Versions/A/Cocoa
0x0000000020f35000 	/System/Library/Frameworks/Security.framework/Versions/A/Security
0x0000000020f35000 	/System/Library/Frameworks/ApplicationServices.framework/Versions/A/ApplicationServices
0x0000000020f35000 	/usr/lib/libz.1.dylib
0x0000000020f35000 	/usr/lib/libSystem.B.dylib
0x0000000020f35000 	/usr/lib/libobjc.A.dylib
0x0000000020f35000 	/System/Library/Frameworks/CoreFoundation.framework/Versions/A/CoreFoundation
0x0000000020f35000 	/System/Library/Frameworks/Foundation.framework/Versions/C/Foundation
0x0000000020f35000 	/System/Library/Frameworks/AppKit.framework/Versions/C/AppKit
0x0000000020f35000 	/System/Library/Frameworks/CoreData.framework/Versions/A/CoreData
0x0000000020f35000 	/System/Library/PrivateFrameworks/RemoteViewServices.framework/Versions/A/RemoteViewServices
0x0000000020f35000 	/System/Library/PrivateFrameworks/UIFoundation.framework/Versions/A/UIFoundation
0x0000000020f35000 	/System/Library/PrivateFrameworks/DFRFoundation.framework/Versions/A/DFRFoundation
0x0000000020f35000 	/usr/lib/libenergytrace.dylib
0x0000000020f35000 	/System/Library/PrivateFrameworks/SkyLight.framework/Versions/A/SkyLight
0x0000000020f35000 	/System/Library/Frameworks/CoreGraphics.framework/Versions/A/CoreGraphics
0x0000000020f35000 	/usr/lib/libScreenReader.dylib
0x0000000020f35000 	/System/Library/Frameworks/Accelerate.framework/Versions/A/Accelerate
0x0000000020f35000 	/System/Library/Frameworks/IOSurface.framework/Versions/A/IOSurface
0x0000000020f35000 	/System/Library/Frameworks/AudioToolbox.framework/Versions/A/AudioToolbox
0x0000000020f35000 	/System/Library/Frameworks/AudioUnit.framework/Versions/A/AudioUnit
0x0000000020f35000 	/System/Library/PrivateFrameworks/DataDetectorsCore.framework/Versions/A/DataDetectorsCore
0x0000000020f35000 	/System/Library/PrivateFrameworks/DesktopServicesPriv.framework/Versions/A/DesktopServicesPriv
0x0000000020f35000 	/System/Library/Frameworks/Carbon.framework/Versions/A/Frameworks/HIToolbox.framework/Versions/A/HIToolbox
0x0000000020f35000 	/usr/lib/libicucore.A.dylib
0x0000000020f35000 	/System/Library/Frameworks/QuartzCore.framework/Versions/A/QuartzCore
0x0000000020f35000 	/System/Library/Frameworks/Carbon.framework/Versions/A/Frameworks/SpeechRecognition.framework/Versions/A/SpeechRecognition
0x0000000020f35000 	/usr/lib/libauto.dylib
0x0000000020f35000 	/usr/lib/libxml2.2.dylib
0x0000000020f35000 	/System/Library/PrivateFrameworks/CoreUI.framework/Versions/A/CoreUI
0x0000000020f35000 	/System/Library/Frameworks/CoreAudio.framework/Versions/A/CoreAudio
0x0000000020f35000 	/System/Library/Frameworks/DiskArbitration.framework/Versions/A/DiskArbitration
0x0000000020f35000 	/usr/lib/liblangid.dylib
0x0000000020f35000 	/System/Library/PrivateFrameworks/MultitouchSupport.framework/Versions/A/MultitouchSupport
0x0000000020f35000 	/System/Library/Frameworks/IOKit.framework/Versions/A/IOKit
0x0000000020f35000 	/usr/lib/libDiagnosticMessagesClient.dylib
0x0000000020f35000 	/System/Library/Frameworks/CoreServices.framework/Versions/A/CoreServices
0x0000000020f35000 	/System/Library/PrivateFrameworks/PerformanceAnalysis.framework/Versions/A/PerformanceAnalysis
0x0000000020f35000 	/System/Library/PrivateFrameworks/GenerationalStorage.framework/Versions/A/GenerationalStorage
0x0000000020f35000 	/System/Library/Frameworks/OpenGL.framework/Versions/A/OpenGL
0x0000000020f35000 	/System/Library/Frameworks/CoreImage.framework/Versions/A/CoreImage
0x0000000020f35000 	/System/Library/Frameworks/CoreText.framework/Versions/A/CoreText
0x0000000020f35000 	/System/Library/Frameworks/ImageIO.framework/Versions/A/ImageIO
0x0000000020f35000 	/System/Library/PrivateFrameworks/Backup.framework/Versions/A/Backup
0x0000000020f35000 	/usr/lib/libarchive.2.dylib
0x0000000020f35000 	/System/Library/Frameworks/CFNetwork.framework/Versions/A/CFNetwork
0x0000000020f35000 	/System/Library/Frameworks/SystemConfiguration.framework/Versions/A/SystemConfiguration
0x0000000020f35000 	/usr/lib/libCRFSuite.dylib
0x0000000020f35000 	/usr/lib/libc++.1.dylib
0x0000000020f35000 	/usr/lib/libc++abi.dylib
0x0000000020f35000 	/usr/lib/system/libcache.dylib
0x0000000020f35000 	/usr/lib/system/libcommonCrypto.dylib
0x0000000020f35000 	/usr/lib/system/libcompiler_rt.dylib
0x0000000020f35000 	/usr/lib/system/libcopyfile.dylib
0x0000000020f35000 	/usr/lib/system/libcorecrypto.dylib
0x0000000020f35000 	/usr/lib/system/libdispatch.dylib
0x0000000020f35000 	/usr/lib/system/libdyld.dylib
0x0000000020f35000 	/usr/lib/system/libkeymgr.dylib
0x0000000020f35000 	/usr/lib/system/liblaunch.dylib
0x0000000020f35000 	/usr/lib/system/libmacho.dylib
0x0000000020f35000 	/usr/lib/system/libquarantine.dylib
0x0000000020f35000 	/usr/lib/system/libremovefile.dylib
0x0000000020f35000 	/usr/lib/system/libsystem_asl.dylib
0x0000000020f35000 	/usr/lib/system/libsystem_blocks.dylib
0x0000000020f35000 	/usr/lib/system/libsystem_c.dylib
0x0000000020f35000 	/usr/lib/system/libsystem_configuration.dylib
0x0000000020f35000 	/usr/lib/system/libsystem_coreservices.dylib
0x0000000020f35000 	/usr/lib/system/libsystem_coretls.dylib
0x0000000020f35000 	/usr/lib/system/libsystem_dnssd.dylib
0x0000000020f35000 	/usr/lib/system/libsystem_info.dylib
0x0000000020f35000 	/usr/lib/system/libsystem_kernel.dylib
0x0000000020f35000 	/usr/lib/system/libsystem_m.dylib
0x0000000020f35000 	/usr/lib/system/libsystem_malloc.dylib
0x0000000020f35000 	/usr/lib/system/libsystem_network.dylib
0x0000000020f35000 	/usr/lib/system/libsystem_networkextension.dylib
0x0000000020f35000 	/usr/lib/system/libsystem_notify.dylib
0x0000000020f35000 	/usr/lib/system/libsystem_platform.dylib
0x0000000020f35000 	/usr/lib/system/libsystem_pthread.dylib
0x0000000020f35000 	/usr/lib/system/libsystem_sandbox.dylib
0x0000000020f35000 	/usr/lib/system/libsystem_secinit.dylib
0x0000000020f35000 	/usr/lib/system/libsystem_symptoms.dylib
0x0000000020f35000 	/usr/lib/system/libsystem_trace.dylib
0x0000000020f35000 	/usr/lib/system/libunwind.dylib
0x0000000020f35000 	/usr/lib/system/libxpc.dylib
0x0000000020f35000 	/usr/lib/libbsm.0.dylib
0x0000000020f35000 	/usr/lib/system/libkxld.dylib
0x0000000020f35000 	/usr/lib/libcoretls.dylib
0x0000000020f35000 	/usr/lib/libcoretls_cfhelpers.dylib
0x0000000020f35000 	/usr/lib/libxar.1.dylib
0x0000000020f35000 	/usr/lib/libsqlite3.dylib
0x0000000020f35000 	/usr/lib/libpam.2.dylib
0x0000000020f35000 	/usr/lib/libOpenScriptingUtil.dylib
0x0000000020f35000 	/usr/lib/libbz2.1.0.dylib
0x0000000020f35000 	/usr/lib/liblzma.5.dylib
0x0000000020f35000 	/usr/lib/libnetwork.dylib
0x0000000020f35000 	/usr/lib/libpcap.A.dylib
0x0000000020f35000 	/System/Library/Frameworks/CoreServices.framework/Versions/A/Frameworks/FSEvents.framework/Versions/A/FSEvents
0x0000000020f35000 	/System/Library/Frameworks/CoreServices.framework/Versions/A/Frameworks/CarbonCore.framework/Versions/A/CarbonCore
0x0000000020f35000 	/System/Library/Frameworks/CoreServices.framework/Versions/A/Frameworks/Metadata.framework/Versions/A/Metadata
0x0000000020f35000 	/System/Library/Frameworks/CoreServices.framework/Versions/A/Frameworks/OSServices.framework/Versions/A/OSServices
0x0000000020f35000 	/System/Library/Frameworks/CoreServices.framework/Versions/A/Frameworks/SearchKit.framework/Versions/A/SearchKit
0x0000000020f35000 	/System/Library/Frameworks/CoreServices.framework/Versions/A/Frameworks/AE.framework/Versions/A/AE
0x0000000020f35000 	/System/Library/Frameworks/CoreServices.framework/Versions/A/Frameworks/LaunchServices.framework/Versions/A/LaunchServices
0x0000000020f35000 	/System/Library/Frameworks/CoreServices.framework/Versions/A/Frameworks/DictionaryServices.framework/Versions/A/DictionaryServices
0x0000000020f35000 	/System/Library/Frameworks/CoreServices.framework/Versions/A/Frameworks/SharedFileList.framework/Versions/A/SharedFileList
0x0000000020f35000 	/System/Library/Frameworks/NetFS.framework/Versions/A/NetFS
0x0000000020f35000 	/System/Library/PrivateFrameworks/NetAuth.framework/Versions/A/NetAuth
0x0000000020f35000 	/System/Library/PrivateFrameworks/login.framework/Versions/A/Frameworks/loginsupport.framework/Versions/A/loginsupport
0x0000000020f35000 	/System/Library/PrivateFrameworks/TCC.framework/Versions/A/TCC
0x0000000020f35000 	/usr/lib/libmecabra.dylib
0x0000000020f35000 	/System/Library/Frameworks/ApplicationServices.framework/Versions/A/Frameworks/ATS.framework/Versions/A/ATS
0x0000000020f35000 	/System/Library/Frameworks/ApplicationServices.framework/Versions/A/Frameworks/ColorSync.framework/Versions/A/ColorSync
0x0000000020f35000 	/System/Library/Frameworks/ApplicationServices.framework/Versions/A/Frameworks/HIServices.framework/Versions/A/HIServices
0x0000000020f35000 	/System/Library/Frameworks/ApplicationServices.framework/Versions/A/Frameworks/LangAnalysis.framework/Versions/A/LangAnalysis
0x0000000020f35000 	/System/Library/Frameworks/ApplicationServices.framework/Versions/A/Frameworks/PrintCore.framework/Versions/A/PrintCore
0x0000000020f35000 	/System/Library/Frameworks/ApplicationServices.framework/Versions/A/Frameworks/QD.framework/Versions/A/QD
0x0000000020f35000 	/System/Library/Frameworks/ApplicationServices.framework/Versions/A/Frameworks/SpeechSynthesis.framework/Versions/A/SpeechSynthesis
0x0000000020f35000 	/System/Library/Frameworks/Accelerate.framework/Versions/A/Frameworks/vImage.framework/Versions/A/vImage
0x0000000020f35000 	/System/Library/Frameworks/Accelerate.framework/Versions/A/Frameworks/vecLib.framework/Versions/A/vecLib
0x0000000020f35000 	/System/Library/Frameworks/Accelerate.framework/Versions/A/Frameworks/vecLib.framework/Versions/A/libvDSP.dylib
0x0000000020f35000 	/System/Library/Frameworks/Accelerate.framework/Versions/A/Frameworks/vecLib.framework/Versions/A/libBNNS.dylib
0x0000000020f35000 	/System/Library/Frameworks/Accelerate.framework/Versions/A/Frameworks/vecLib.framework/Versions/A/libQuadrature.dylib
0x0000000020f35000 	/System/Library/Frameworks/Accelerate.framework/Versions/A/Frameworks/vecLib.framework/Versions/A/libvMisc.dylib
0x0000000020f35000 	/System/Library/Frameworks/Accelerate.framework/Versions/A/Frameworks/vecLib.framework/Versions/A/libLAPACK.dylib
0x0000000020f35000 	/System/Library/Frameworks/Accelerate.framework/Versions/A/Frameworks/vecLib.framework/Versions/A/libBLAS.dylib
0x0000000020f35000 	/System/Library/Frameworks/Accelerate.framework/Versions/A/Frameworks/vecLib.framework/Versions/A/libLinearAlgebra.dylib
0x0000000020f35000 	/System/Library/Frameworks/Accelerate.framework/Versions/A/Frameworks/vecLib.framework/Versions/A/libSparseBLAS.dylib
0x0000000020f35000 	/System/Library/Frameworks/ApplicationServices.framework/Versions/A/Frameworks/ATS.framework/Versions/A/Resources/libFontParser.dylib
0x0000000020f35000 	/System/Library/Frameworks/ApplicationServices.framework/Versions/A/Frameworks/ATS.framework/Versions/A/Resources/libFontRegistry.dylib
0x0000000020f35000 	/System/Library/Frameworks/ImageIO.framework/Versions/A/Resources/libJPEG.dylib
0x0000000020f35000 	/System/Library/Frameworks/ImageIO.framework/Versions/A/Resources/libTIFF.dylib
0x0000000020f35000 	/System/Library/Frameworks/ImageIO.framework/Versions/A/Resources/libPng.dylib
0x0000000020f35000 	/System/Library/Frameworks/ImageIO.framework/Versions/A/Resources/libGIF.dylib
0x0000000020f35000 	/System/Library/Frameworks/ImageIO.framework/Versions/A/Resources/libJP2.dylib
0x0000000020f35000 	/System/Library/Frameworks/ImageIO.framework/Versions/A/Resources/libRadiance.dylib
0x0000000020f35000 	/usr/lib/libcompression.dylib
0x0000000020f35000 	/System/Library/PrivateFrameworks/AppleJPEG.framework/Versions/A/AppleJPEG
0x0000000020f35000 	/usr/lib/libcups.2.dylib
0x0000000020f35000 	/System/Library/Frameworks/Kerberos.framework/Versions/A/Kerberos
0x0000000020f35000 	/System/Library/Frameworks/GSS.framework/Versions/A/GSS
0x0000000020f35000 	/usr/lib/libresolv.9.dylib
0x0000000020f35000 	/usr/lib/libiconv.2.dylib
0x0000000020f35000 	/System/Library/PrivateFrameworks/Heimdal.framework/Versions/A/Heimdal
0x0000000020f35000 	/usr/lib/libheimdal-asn1.dylib
0x0000000020f35000 	/System/Library/Frameworks/OpenDirectory.framework/Versions/A/OpenDirectory
0x0000000020f35000 	/System/Library/PrivateFrameworks/CommonAuth.framework/Versions/A/CommonAuth
0x0000000020f35000 	/System/Library/Frameworks/OpenDirectory.framework/Versions/A/Frameworks/CFOpenDirectory.framework/Versions/A/CFOpenDirectory
0x0000000020f35000 	/System/Library/Frameworks/SecurityFoundation.framework/Versions/A/SecurityFoundation
0x0000000020f35000 	/System/Library/PrivateFrameworks/LanguageModeling.framework/Versions/A/LanguageModeling
0x0000000020f35000 	/usr/lib/libmarisa.dylib
0x0000000020f35000 	/usr/lib/libChineseTokenizer.dylib
0x0000000020f35000 	/usr/lib/libcmph.dylib
0x0000000020f35000 	/System/Library/PrivateFrameworks/CoreEmoji.framework/Versions/A/CoreEmoji
0x0000000020f35000 	/System/Library/Frameworks/ServiceManagement.framework/Versions/A/ServiceManagement
0x0000000020f35000 	/usr/lib/libxslt.1.dylib
0x0000000020f35000 	/System/Library/Frameworks/Carbon.framework/Versions/A/Frameworks/Ink.framework/Versions/A/Ink
0x0000000020f35000 	/System/Library/PrivateFrameworks/TextureIO.framework/Versions/A/TextureIO
0x0000000020f35000 	/System/Library/Frameworks/Metal.framework/Versions/A/Metal
0x0000000020f35000 	/usr/lib/libate.dylib
0x0000000020f35000 	/System/Library/PrivateFrameworks/GPUCompiler.framework/libmetal_timestamp.dylib
0x0000000020f35000 	/System/Library/Frameworks/OpenGL.framework/Versions/A/Libraries/libCoreFSCache.dylib
0x0000000020f35000 	/System/Library/PrivateFrameworks/IOAccelerator.framework/Versions/A/IOAccelerator
0x0000000020f35000 	/System/Library/Frameworks/CoreVideo.framework/Versions/A/CoreVideo
0x0000000020f35000 	/usr/lib/libFosl_dynamic.dylib
0x0000000020f35000 	/System/Library/PrivateFrameworks/MetalPerformanceShaders.framework/Versions/A/MetalPerformanceShaders
0x0000000020f35000 	/System/Library/PrivateFrameworks/FaceCore.framework/Versions/A/FaceCore
0x0000000020f35000 	/System/Library/Frameworks/OpenCL.framework/Versions/A/OpenCL
0x0000000020f35000 	/System/Library/Frameworks/OpenGL.framework/Versions/A/Libraries/libGLU.dylib
0x0000000020f35000 	/System/Library/Frameworks/OpenGL.framework/Versions/A/Libraries/libGFXShared.dylib
0x0000000020f35000 	/System/Library/Frameworks/OpenGL.framework/Versions/A/Libraries/libGL.dylib
0x0000000020f35000 	/System/Library/Frameworks/OpenGL.framework/Versions/A/Libraries/libGLImage.dylib
0x0000000020f35000 	/System/Library/Frameworks/OpenGL.framework/Versions/A/Libraries/libCVMSPluginSupport.dylib
0x0000000020f35000 	/System/Library/Frameworks/OpenGL.framework/Versions/A/Libraries/libCoreVMClient.dylib
0x0000000020f35000 	/System/Library/PrivateFrameworks/CrashReporterSupport.framework/Versions/A/CrashReporterSupport
0x0000000020f35000 	/System/Library/PrivateFrameworks/Sharing.framework/Versions/A/Sharing
0x0000000020f35000 	/System/Library/PrivateFrameworks/IconServices.framework/Versions/A/IconServices
0x0000000020f35000 	/System/Library/PrivateFrameworks/ProtocolBuffer.framework/Versions/A/ProtocolBuffer
0x0000000020f35000 	/System/Library/PrivateFrameworks/Apple80211.framework/Versions/A/Apple80211
0x0000000020f35000 	/System/Library/Frameworks/CoreWLAN.framework/Versions/A/CoreWLAN
0x0000000020f35000 	/System/Library/PrivateFrameworks/CoreUtils.framework/Versions/A/CoreUtils
0x0000000020f35000 	/System/Library/Frameworks/IOBluetooth.framework/Versions/A/IOBluetooth
0x0000000020f35000 	/System/Library/PrivateFrameworks/CoreWiFi.framework/Versions/A/CoreWiFi
0x0000000020f35000 	/System/Library/Frameworks/CoreBluetooth.framework/Versions/A/CoreBluetooth
0x0000000020f35000 	/System/Library/Frameworks/CoreDisplay.framework/Versions/A/CoreDisplay
0x0000000020f35000 	/System/Library/PrivateFrameworks/IOPresentment.framework/Versions/A/IOPresentment
0x0000000020f35000 	/System/Library/PrivateFrameworks/DebugSymbols.framework/Versions/A/DebugSymbols
0x0000000020f35000 	/System/Library/PrivateFrameworks/CoreSymbolication.framework/Versions/A/CoreSymbolication
0x0000000020f35000 	/System/Library/PrivateFrameworks/Symbolication.framework/Versions/A/Symbolication
0x0000000020f35000 	/System/Library/PrivateFrameworks/AppleFSCompression.framework/Versions/A/AppleFSCompression
0x0000000020f35000 	/System/Library/PrivateFrameworks/SpeechRecognitionCore.framework/Versions/A/SpeechRecognitionCore
0x0000000020f35000 	/System/Library/PrivateFrameworks/ChunkingLibrary.framework/Versions/A/ChunkingLibrary
0x000000010f800000 	/Library/Java/JavaVirtualMachines/jdk1.8.0_111.jdk/Contents/Home/jre/lib/server/libjvm.dylib
0x0000000020f35000 	/usr/lib/libstdc++.6.dylib
0x000000010ee99000 	/Library/Java/JavaVirtualMachines/jdk1.8.0_111.jdk/Contents/Home/jre/lib/libverify.dylib
0x000000010eea7000 	/Library/Java/JavaVirtualMachines/jdk1.8.0_111.jdk/Contents/Home/jre/lib/libjava.dylib
0x000000010eee6000 	/Library/Java/JavaVirtualMachines/jdk1.8.0_111.jdk/Contents/Home/jre/lib/libzip.dylib
0x0000000117008000 	/System/Library/Frameworks/JavaVM.framework/Frameworks/JavaRuntimeSupport.framework/JavaRuntimeSupport
0x0000000117022000 	/System/Library/Frameworks/JavaVM.framework/Versions/A/Frameworks/JavaNativeFoundation.framework/Versions/A/JavaNativeFoundation
0x000000010efec000 	/System/Library/Frameworks/JavaVM.framework/Versions/A/JavaVM
0x0000000020f35000 	/System/Library/Frameworks/Carbon.framework/Versions/A/Carbon
0x0000000117037000 	/System/Library/PrivateFrameworks/JavaLaunching.framework/Versions/A/JavaLaunching
0x0000000020f35000 	/System/Library/Frameworks/Carbon.framework/Versions/A/Frameworks/CommonPanels.framework/Versions/A/CommonPanels
0x0000000020f35000 	/System/Library/Frameworks/Carbon.framework/Versions/A/Frameworks/Help.framework/Versions/A/Help
0x0000000020f35000 	/System/Library/Frameworks/Carbon.framework/Versions/A/Frameworks/ImageCapture.framework/Versions/A/ImageCapture
0x0000000020f35000 	/System/Library/Frameworks/Carbon.framework/Versions/A/Frameworks/OpenScripting.framework/Versions/A/OpenScripting
0x0000000020f35000 	/System/Library/Frameworks/Carbon.framework/Versions/A/Frameworks/Print.framework/Versions/A/Print
0x0000000020f35000 	/System/Library/Frameworks/Carbon.framework/Versions/A/Frameworks/SecurityHI.framework/Versions/A/SecurityHI
0x0000000118986000 	/Library/Java/JavaVirtualMachines/jdk1.8.0_111.jdk/Contents/Home/jre/lib/libawt.dylib
0x0000000118a2e000 	/Library/Java/JavaVirtualMachines/jdk1.8.0_111.jdk/Contents/Home/jre/lib/./libmlib_image.dylib
0x0000000118afa000 	/Library/Java/JavaVirtualMachines/jdk1.8.0_111.jdk/Contents/Home/jre/lib/libawt_lwawt.dylib
0x0000000118baf000 	/Library/Java/JavaVirtualMachines/jdk1.8.0_111.jdk/Contents/Home/jre/lib/./libosxapp.dylib
0x0000000020f35000 	/System/Library/Frameworks/ExceptionHandling.framework/Versions/A/ExceptionHandling
0x0000000020f35000 	/System/Library/PrivateFrameworks/CoreServicesInternal.framework/Versions/A/CoreServicesInternal
0x0000000020f35000 	/System/Library/CoreServices/RawCamera.bundle/Contents/MacOS/RawCamera
0x0000000020f35000 	/System/Library/Frameworks/Accelerate.framework/Versions/A/Frameworks/vImage.framework/Versions/A/Libraries/libCGInterfaces.dylib
0x0000000020f35000 	/System/Library/Frameworks/ApplicationServices.framework/Versions/A/Frameworks/ATS.framework/Versions/A/Resources/libTrueTypeScaler.dylib
0x0000000020f35000 	/System/Library/Frameworks/OpenGL.framework/Versions/A/Resources/GLEngine.bundle/GLEngine
0x0000000020f35000 	/System/Library/Frameworks/OpenGL.framework/Versions/A/Libraries/libGLProgrammability.dylib
0x00000001296e0000 	/System/Library/Extensions/AppleIntelBDWGraphicsGLDriver.bundle/Contents/MacOS/AppleIntelBDWGraphicsGLDriver
0x0000000020f35000 	/System/Library/PrivateFrameworks/GPUSupport.framework/Versions/A/Libraries/libGPUSupportMercury.dylib
0x0000000020f35000 	/System/Library/Frameworks/OpenGL.framework/Versions/A/Resources/GLRendererFloat.bundle/GLRendererFloat
0x0000000020f35000 	/System/Library/Frameworks/OpenCL.framework/Versions/A/Libraries/libcldcpuengine.dylib
0x0000000020f35000 	/usr/lib/libcrypto.0.9.8.dylib
0x0000000020f35000 	/System/Library/PrivateFrameworks/TrustEvaluationAgent.framework/Versions/A/TrustEvaluationAgent
0x0000000129e3c000 	/System/Library/Extensions/AppleIntelBDWGraphicsMTLDriver.bundle/Contents/MacOS/AppleIntelBDWGraphicsMTLDriver
0x0000000020f35000 	/System/Library/PrivateFrameworks/FamilyControls.framework/Versions/A/FamilyControls
0x0000000020f35000 	/System/Library/PrivateFrameworks/CommerceKit.framework/Versions/A/Frameworks/CommerceCore.framework/Versions/A/CommerceCore
0x0000000020f35000 	/System/Library/PrivateFrameworks/SystemAdministration.framework/Versions/A/SystemAdministration
0x0000000020f35000 	/System/Library/PrivateFrameworks/AppContainer.framework/Versions/A/AppContainer
0x0000000020f35000 	/System/Library/PrivateFrameworks/SecCodeWrapper.framework/Versions/A/SecCodeWrapper
0x0000000020f35000 	/System/Library/Frameworks/DirectoryService.framework/Versions/A/DirectoryService
0x0000000020f35000 	/System/Library/PrivateFrameworks/DiskImages.framework/Versions/A/DiskImages
0x0000000020f35000 	/System/Library/PrivateFrameworks/LoginUIKit.framework/Versions/A/Frameworks/LoginUICore.framework/Versions/A/LoginUICore
0x0000000020f35000 	/usr/lib/libCoreStorage.dylib
0x0000000020f35000 	/usr/lib/libcsfde.dylib
0x0000000020f35000 	/usr/lib/libodfde.dylib
0x0000000020f35000 	/System/Library/Frameworks/DiscRecording.framework/Versions/A/DiscRecording
0x0000000020f35000 	/usr/lib/libcurl.4.dylib
0x0000000020f35000 	/System/Library/PrivateFrameworks/MediaKit.framework/Versions/A/MediaKit
0x0000000020f35000 	/System/Library/PrivateFrameworks/ProtectedCloudStorage.framework/Versions/A/ProtectedCloudStorage
0x0000000020f35000 	/System/Library/PrivateFrameworks/EFILogin.framework/Versions/A/EFILogin
0x0000000020f35000 	/usr/lib/libutil.dylib
0x0000000020f35000 	/System/Library/Frameworks/LDAP.framework/Versions/A/LDAP
0x0000000020f35000 	/usr/lib/libsasl2.2.dylib
0x0000000020f35000 	/System/Library/PrivateFrameworks/CoreDaemon.framework/Versions/B/CoreDaemon
0x0000000020f35000 	/System/Library/PrivateFrameworks/AppleSRP.framework/Versions/A/AppleSRP
0x0000000020f35000 	/System/Library/PrivateFrameworks/APFS.framework/Versions/A/APFS
0x000000012ba42000 	/Library/Java/JavaVirtualMachines/jdk1.8.0_111.jdk/Contents/Home/jre/lib/libfontmanager.dylib
0x00000001296d7000 	/Library/Java/JavaVirtualMachines/jdk1.8.0_111.jdk/Contents/Home/jre/lib/libosxui.dylib
0x0000000020f35000 	/System/Library/PrivateFrameworks/ViewBridge.framework/Versions/A/ViewBridge
0x0000000020f35000 	/System/Library/PrivateFrameworks/XPCService.framework/Versions/A/XPCService
0x0000000020f35000 	/System/Library/PrivateFrameworks/AppSandbox.framework/Versions/A/AppSandbox
0x0000000020f35000 	/usr/lib/libsandbox.1.dylib
0x0000000020f35000 	/usr/lib/libMatch.1.dylib
0x000000012c56b000 	/Users/ruihanzeng/Desktop/Programing/workspace/opengl/lib/natives/liblwjgl.jnilib
0x000000012c545000 	/Library/Java/JavaVirtualMachines/jdk1.8.0_111.jdk/Contents/Home/jre/lib/libjawt.dylib
0x000000012cd0f000 	/Library/Java/JavaVirtualMachines/jdk1.8.0_111.jdk/Contents/Home/jre/lib/libnio.dylib
0x000000012d3af000 	/Library/Java/JavaVirtualMachines/jdk1.8.0_111.jdk/Contents/Home/jre/lib/./libnet.dylib

VM Arguments:
jvm_args: -Djava.library.path=/Users/ruihanzeng/Desktop/Programing/workspace/opengl/lib/natives -Dfile.encoding=UTF-8 
java_command: opengl.Driver
java_class_path (initial): /Users/ruihanzeng/Desktop/Programing/workspace/opengl/bin:/Users/ruihanzeng/Desktop/Programing/workspace/opengl/lib/jars/lwjgl.jar:/Users/ruihanzeng/Desktop/Programing/workspace/opengl/lib/jars/slick-util.jar:/Users/ruihanzeng/Desktop/Programing/workspace/opengl/lib/jars/lwjgl_util.jar
Launcher Type: SUN_STANDARD

Environment Variables:
PATH=/usr/bin:/bin:/usr/sbin:/sbin
SHELL=/bin/bash

Signal Handlers:
SIGSEGV: [libjvm.dylib+0x5b03ed], sa_mask[0]=11111111011111110111111111111111, sa_flags=SA_ONSTACK|SA_RESTART|SA_SIGINFO
SIGBUS: [libjvm.dylib+0x5b03ed], sa_mask[0]=11111111011111110111111111111111, sa_flags=SA_RESTART|SA_SIGINFO
SIGFPE: [libjvm.dylib+0x48711c], sa_mask[0]=11111111011111110111111111111111, sa_flags=SA_RESTART|SA_SIGINFO
SIGPIPE: [libjvm.dylib+0x48711c], sa_mask[0]=11111111011111110111111111111111, sa_flags=SA_RESTART|SA_SIGINFO
SIGXFSZ: [libjvm.dylib+0x48711c], sa_mask[0]=11111111011111110111111111111111, sa_flags=SA_RESTART|SA_SIGINFO
SIGILL: [libjvm.dylib+0x48711c], sa_mask[0]=11111111011111110111111111111111, sa_flags=SA_RESTART|SA_SIGINFO
SIGUSR1: SIG_DFL, sa_mask[0]=00000000000000000000000000000000, sa_flags=none
SIGUSR2: [libjvm.dylib+0x486c3a], sa_mask[0]=00100000000000000000000000000000, sa_flags=SA_RESTART|SA_SIGINFO
SIGHUP: [libjvm.dylib+0x485211], sa_mask[0]=11111111011111110111111111111111, sa_flags=SA_RESTART|SA_SIGINFO
SIGINT: [libjvm.dylib+0x485211], sa_mask[0]=11111111011111110111111111111111, sa_flags=SA_RESTART|SA_SIGINFO
SIGTERM: [libjvm.dylib+0x485211], sa_mask[0]=11111111011111110111111111111111, sa_flags=SA_RESTART|SA_SIGINFO
SIGQUIT: [libjvm.dylib+0x485211], sa_mask[0]=11111111011111110111111111111111, sa_flags=SA_RESTART|SA_SIGINFO


---------------  S Y S T E M  ---------------

OS:Bsduname:Darwin 16.3.0 Darwin Kernel Version 16.3.0: Thu Nov 17 20:23:58 PST 2016; root:xnu-3789.31.2~1/RELEASE_X86_64 x86_64
rlimit: STACK 8192k, CORE 0k, NPROC 709, NOFILE 10240, AS infinity
load average:3.00 2.90 2.71

CPU:total 4 (2 cores per cpu, 2 threads per core) family 6 model 61 stepping 4, cmov, cx8, fxsr, mmx, sse, sse2, sse3, ssse3, sse4.1, sse4.2, popcnt, avx, avx2, aes, clmul, erms, 3dnowpref, lzcnt, ht, tsc, tscinvbit, bmi1, bmi2, adx

Memory: 4k page, physical 8388608k(546036k free)

/proc/meminfo:


vm_info: Java HotSpot(TM) 64-Bit Server VM (25.111-b14) for bsd-amd64 JRE (1.8.0_111-b14), built on Sep 22 2016 15:31:41 by "java_re" with gcc 4.2.1 (Based on Apple Inc. build 5658) (LLVM build 2336.11.00)

time: Thu May 18 10:35:31 2017
elapsed time: 34 seconds (0d 0h 0m 34s)

